<?xml version="1.0" encoding="UTF-8"?>
<!-- Generated by org.testng.reporters.JUnitReportReporter -->
<testsuite hostname="LAPTOP-D3IHJN4I" failures="0" tests="1" name="Testcases.ProfilePageTestcases" time="91.129" errors="0" timestamp="2024-02-13T13:14:02 IST" skipped="0">
  <testcase classname="Testcases.ProfilePageTestcases" name="profilepage" time="91.129"/>
</testsuite> <!-- Testcases.ProfilePageTestcases -->
