<?xml version="1.0" encoding="UTF-8"?>
<!-- Generated by org.testng.reporters.JUnitReportReporter -->
<testsuite hostname="LAPTOP-D3IHJN4I" failures="0" tests="1" name="Testcases.HomepageTestcases" time="60.135" errors="0" timestamp="2024-02-13T13:21:54 IST" skipped="0">
  <testcase classname="Testcases.HomepageTestcases" name="Home_page_dashboard_Testcases" time="60.135"/>
</testsuite> <!-- Testcases.HomepageTestcases -->
