<?xml version="1.0" encoding="UTF-8"?>
<!-- Generated by org.testng.reporters.JUnitReportReporter -->
<testsuite hostname="LAPTOP-D3IHJN4I" failures="0" tests="1" name="Testcases.LoginTestcases" time="7.363" errors="0" timestamp="2024-02-16T23:07:50 IST" skipped="0">
  <testcase classname="Testcases.LoginTestcases" name="login" time="7.363"/>
</testsuite> <!-- Testcases.LoginTestcases -->
