<?xml version="1.0" encoding="UTF-8"?>
<!-- Generated by org.testng.reporters.JUnitReportReporter -->
<testsuite hostname="LAPTOP-D3IHJN4I" failures="0" tests="1" name="Testcases.MyDealTestcases" time="30.861" errors="0" timestamp="2024-02-13T13:25:24 IST" skipped="0">
  <testcase classname="Testcases.MyDealTestcases" name="mydeal" time="30.861"/>
</testsuite> <!-- Testcases.MyDealTestcases -->
